--------------------------------------------------------------------------------
Release 14.6 Trace  (nt64)
Copyright (c) 1995-2013 Xilinx, Inc.  All rights reserved.

C:\Xilinx\14.6\ISE_DS\ISE\bin\nt64\unwrapped\trce.exe -intstyle ise -v 3 -s 1
-n 3 -fastpaths -xml ddr2_tb_top.twx ddr2_tb_top.ncd -o ddr2_tb_top.twr
ddr2_tb_top.pcf

Design file:              ddr2_tb_top.ncd
Physical constraint file: ddr2_tb_top.pcf
Device,package,speed:     xc5vlx110t,ff1136,-1 (PRODUCTION 1.73 2013-06-08, STEPPING level 0)
Report level:             verbose report

Environment Variable      Effect 
--------------------      ------ 
NONE                      No environment variables were set
--------------------------------------------------------------------------------

INFO:Timing:2698 - No timing constraints found, doing default enumeration.
INFO:Timing:3412 - To improve timing, see the Timing Closure User Guide (UG612).
INFO:Timing:2752 - To get complete path coverage, use the unconstrained paths 
   option. All paths that are not constrained will be reported in the 
   unconstrained paths section(s) of the report.
INFO:Timing:3339 - The clock-to-out numbers in this timing report are based on 
   a 50 Ohm transmission line loading model.  For the details of this model, 
   and for more information on accounting for different loading conditions, 
   please see the device datasheet.



Data Sheet report:
-----------------
All values displayed in nanoseconds (ns)

Setup/Hold to clock clk0
---------------------+------------+------------+------------------+--------+
                     |Max Setup to|Max Hold to |                  | Clock  |
Source               | clk (edge) | clk (edge) |Internal Clock(s) | Phase  |
---------------------+------------+------------+------------------+--------+
app_af_afull         |   -0.675(R)|    2.715(R)|clk0_BUFGP        |   0.000|
app_wdf_afull        |   -0.652(R)|    2.643(R)|clk0_BUFGP        |   0.000|
phy_init_done        |   -0.783(R)|    2.791(R)|clk0_BUFGP        |   0.000|
rd_data_fifo_out<0>  |   -0.494(R)|    2.746(R)|clk0_BUFGP        |   0.000|
rd_data_fifo_out<1>  |   -0.532(R)|    2.779(R)|clk0_BUFGP        |   0.000|
rd_data_fifo_out<2>  |   -0.589(R)|    2.832(R)|clk0_BUFGP        |   0.000|
rd_data_fifo_out<3>  |   -0.701(R)|    2.933(R)|clk0_BUFGP        |   0.000|
rd_data_fifo_out<4>  |   -0.381(R)|    2.659(R)|clk0_BUFGP        |   0.000|
rd_data_fifo_out<5>  |   -0.511(R)|    2.781(R)|clk0_BUFGP        |   0.000|
rd_data_fifo_out<6>  |   -0.560(R)|    2.825(R)|clk0_BUFGP        |   0.000|
rd_data_fifo_out<7>  |   -0.528(R)|    2.795(R)|clk0_BUFGP        |   0.000|
rd_data_fifo_out<8>  |   -0.497(R)|    2.763(R)|clk0_BUFGP        |   0.000|
rd_data_fifo_out<9>  |   -0.550(R)|    2.811(R)|clk0_BUFGP        |   0.000|
rd_data_fifo_out<10> |   -0.652(R)|    2.907(R)|clk0_BUFGP        |   0.000|
rd_data_fifo_out<11> |   -0.512(R)|    2.776(R)|clk0_BUFGP        |   0.000|
rd_data_fifo_out<12> |   -0.682(R)|    2.905(R)|clk0_BUFGP        |   0.000|
rd_data_fifo_out<13> |   -0.520(R)|    2.756(R)|clk0_BUFGP        |   0.000|
rd_data_fifo_out<14> |   -0.672(R)|    2.896(R)|clk0_BUFGP        |   0.000|
rd_data_fifo_out<15> |   -0.514(R)|    2.750(R)|clk0_BUFGP        |   0.000|
rd_data_fifo_out<16> |   -0.482(R)|    2.731(R)|clk0_BUFGP        |   0.000|
rd_data_fifo_out<17> |   -0.465(R)|    2.713(R)|clk0_BUFGP        |   0.000|
rd_data_fifo_out<18> |   -0.525(R)|    2.768(R)|clk0_BUFGP        |   0.000|
rd_data_fifo_out<19> |   -0.533(R)|    2.776(R)|clk0_BUFGP        |   0.000|
rd_data_fifo_out<20> |   -0.462(R)|    2.718(R)|clk0_BUFGP        |   0.000|
rd_data_fifo_out<21> |   -0.502(R)|    2.755(R)|clk0_BUFGP        |   0.000|
rd_data_fifo_out<22> |   -0.654(R)|    2.895(R)|clk0_BUFGP        |   0.000|
rd_data_fifo_out<23> |   -0.506(R)|    2.757(R)|clk0_BUFGP        |   0.000|
rd_data_fifo_out<24> |   -0.447(R)|    2.717(R)|clk0_BUFGP        |   0.000|
rd_data_fifo_out<25> |   -0.481(R)|    2.747(R)|clk0_BUFGP        |   0.000|
rd_data_fifo_out<26> |   -0.600(R)|    2.853(R)|clk0_BUFGP        |   0.000|
rd_data_fifo_out<27> |   -0.680(R)|    2.926(R)|clk0_BUFGP        |   0.000|
rd_data_fifo_out<28> |   -0.475(R)|    2.744(R)|clk0_BUFGP        |   0.000|
rd_data_fifo_out<29> |   -0.656(R)|    2.910(R)|clk0_BUFGP        |   0.000|
rd_data_fifo_out<30> |   -0.660(R)|    2.914(R)|clk0_BUFGP        |   0.000|
rd_data_fifo_out<31> |   -0.489(R)|    2.757(R)|clk0_BUFGP        |   0.000|
rd_data_fifo_out<32> |   -0.466(R)|    2.745(R)|clk0_BUFGP        |   0.000|
rd_data_fifo_out<33> |   -0.488(R)|    2.765(R)|clk0_BUFGP        |   0.000|
rd_data_fifo_out<34> |   -0.569(R)|    2.839(R)|clk0_BUFGP        |   0.000|
rd_data_fifo_out<35> |   -0.641(R)|    2.905(R)|clk0_BUFGP        |   0.000|
rd_data_fifo_out<36> |   -0.448(R)|    2.732(R)|clk0_BUFGP        |   0.000|
rd_data_fifo_out<37> |   -0.639(R)|    2.905(R)|clk0_BUFGP        |   0.000|
rd_data_fifo_out<38> |   -0.663(R)|    2.927(R)|clk0_BUFGP        |   0.000|
rd_data_fifo_out<39> |   -0.493(R)|    2.770(R)|clk0_BUFGP        |   0.000|
rd_data_fifo_out<40> |   -0.616(R)|    2.958(R)|clk0_BUFGP        |   0.000|
rd_data_fifo_out<41> |   -0.446(R)|    2.801(R)|clk0_BUFGP        |   0.000|
rd_data_fifo_out<42> |   -0.578(R)|    2.918(R)|clk0_BUFGP        |   0.000|
rd_data_fifo_out<43> |   -0.715(R)|    3.041(R)|clk0_BUFGP        |   0.000|
rd_data_fifo_out<44> |   -0.469(R)|    2.820(R)|clk0_BUFGP        |   0.000|
rd_data_fifo_out<45> |   -0.632(R)|    2.969(R)|clk0_BUFGP        |   0.000|
rd_data_fifo_out<46> |   -0.597(R)|    2.935(R)|clk0_BUFGP        |   0.000|
rd_data_fifo_out<47> |   -0.548(R)|    2.888(R)|clk0_BUFGP        |   0.000|
rd_data_fifo_out<48> |   -0.484(R)|    2.802(R)|clk0_BUFGP        |   0.000|
rd_data_fifo_out<49> |   -0.670(R)|    2.973(R)|clk0_BUFGP        |   0.000|
rd_data_fifo_out<50> |   -0.733(R)|    3.026(R)|clk0_BUFGP        |   0.000|
rd_data_fifo_out<51> |   -0.722(R)|    3.018(R)|clk0_BUFGP        |   0.000|
rd_data_fifo_out<52> |   -0.461(R)|    2.799(R)|clk0_BUFGP        |   0.000|
rd_data_fifo_out<53> |   -0.652(R)|    2.974(R)|clk0_BUFGP        |   0.000|
rd_data_fifo_out<54> |   -0.710(R)|    3.023(R)|clk0_BUFGP        |   0.000|
rd_data_fifo_out<55> |   -0.541(R)|    2.869(R)|clk0_BUFGP        |   0.000|
rd_data_fifo_out<56> |   -0.649(R)|    2.961(R)|clk0_BUFGP        |   0.000|
rd_data_fifo_out<57> |   -0.492(R)|    2.815(R)|clk0_BUFGP        |   0.000|
rd_data_fifo_out<58> |   -0.557(R)|    2.874(R)|clk0_BUFGP        |   0.000|
rd_data_fifo_out<59> |   -0.695(R)|    2.999(R)|clk0_BUFGP        |   0.000|
rd_data_fifo_out<60> |   -0.551(R)|    2.861(R)|clk0_BUFGP        |   0.000|
rd_data_fifo_out<61> |   -0.718(R)|    3.013(R)|clk0_BUFGP        |   0.000|
rd_data_fifo_out<62> |   -0.561(R)|    2.874(R)|clk0_BUFGP        |   0.000|
rd_data_fifo_out<63> |   -0.511(R)|    2.827(R)|clk0_BUFGP        |   0.000|
rd_data_fifo_out<64> |   -0.711(R)|    2.995(R)|clk0_BUFGP        |   0.000|
rd_data_fifo_out<65> |   -0.547(R)|    2.844(R)|clk0_BUFGP        |   0.000|
rd_data_fifo_out<66> |   -0.525(R)|    2.827(R)|clk0_BUFGP        |   0.000|
rd_data_fifo_out<67> |   -0.673(R)|    2.961(R)|clk0_BUFGP        |   0.000|
rd_data_fifo_out<68> |   -0.514(R)|    2.839(R)|clk0_BUFGP        |   0.000|
rd_data_fifo_out<69> |   -0.567(R)|    2.886(R)|clk0_BUFGP        |   0.000|
rd_data_fifo_out<70> |   -0.469(R)|    2.799(R)|clk0_BUFGP        |   0.000|
rd_data_fifo_out<71> |   -0.536(R)|    2.860(R)|clk0_BUFGP        |   0.000|
rd_data_fifo_out<72> |   -0.258(R)|    2.564(R)|clk0_BUFGP        |   0.000|
rd_data_fifo_out<73> |   -0.237(R)|    2.543(R)|clk0_BUFGP        |   0.000|
rd_data_fifo_out<74> |   -0.352(R)|    2.652(R)|clk0_BUFGP        |   0.000|
rd_data_fifo_out<75> |   -0.174(R)|    2.486(R)|clk0_BUFGP        |   0.000|
rd_data_fifo_out<76> |   -0.125(R)|    2.416(R)|clk0_BUFGP        |   0.000|
rd_data_fifo_out<77> |   -0.197(R)|    2.483(R)|clk0_BUFGP        |   0.000|
rd_data_fifo_out<78> |   -0.226(R)|    2.508(R)|clk0_BUFGP        |   0.000|
rd_data_fifo_out<79> |   -0.245(R)|    2.526(R)|clk0_BUFGP        |   0.000|
rd_data_fifo_out<80> |   -0.196(R)|    2.260(R)|clk0_BUFGP        |   0.000|
rd_data_fifo_out<81> |   -0.074(R)|    2.147(R)|clk0_BUFGP        |   0.000|
rd_data_fifo_out<82> |   -0.259(R)|    2.317(R)|clk0_BUFGP        |   0.000|
rd_data_fifo_out<83> |   -0.404(R)|    2.450(R)|clk0_BUFGP        |   0.000|
rd_data_fifo_out<84> |   -0.236(R)|    2.303(R)|clk0_BUFGP        |   0.000|
rd_data_fifo_out<85> |   -0.069(R)|    2.151(R)|clk0_BUFGP        |   0.000|
rd_data_fifo_out<86> |   -0.553(R)|    2.596(R)|clk0_BUFGP        |   0.000|
rd_data_fifo_out<87> |   -0.577(R)|    2.616(R)|clk0_BUFGP        |   0.000|
rd_data_fifo_out<88> |   -0.514(R)|    2.618(R)|clk0_BUFGP        |   0.000|
rd_data_fifo_out<89> |   -0.547(R)|    2.649(R)|clk0_BUFGP        |   0.000|
rd_data_fifo_out<90> |   -0.690(R)|    2.781(R)|clk0_BUFGP        |   0.000|
rd_data_fifo_out<91> |   -0.696(R)|    2.786(R)|clk0_BUFGP        |   0.000|
rd_data_fifo_out<92> |   -0.522(R)|    2.623(R)|clk0_BUFGP        |   0.000|
rd_data_fifo_out<93> |   -0.684(R)|    2.771(R)|clk0_BUFGP        |   0.000|
rd_data_fifo_out<94> |   -0.531(R)|    2.630(R)|clk0_BUFGP        |   0.000|
rd_data_fifo_out<95> |   -0.677(R)|    2.765(R)|clk0_BUFGP        |   0.000|
rd_data_fifo_out<96> |   -0.245(R)|    2.430(R)|clk0_BUFGP        |   0.000|
rd_data_fifo_out<97> |   -0.255(R)|    2.441(R)|clk0_BUFGP        |   0.000|
rd_data_fifo_out<98> |   -0.083(R)|    2.281(R)|clk0_BUFGP        |   0.000|
rd_data_fifo_out<99> |    0.170(R)|    2.048(R)|clk0_BUFGP        |   0.000|
rd_data_fifo_out<100>|   -0.336(R)|    2.635(R)|clk0_BUFGP        |   0.000|
rd_data_fifo_out<101>|   -0.538(R)|    2.821(R)|clk0_BUFGP        |   0.000|
rd_data_fifo_out<102>|   -0.625(R)|    2.901(R)|clk0_BUFGP        |   0.000|
rd_data_fifo_out<103>|   -0.655(R)|    2.929(R)|clk0_BUFGP        |   0.000|
rd_data_fifo_out<104>|   -0.500(R)|    2.796(R)|clk0_BUFGP        |   0.000|
rd_data_fifo_out<105>|   -0.321(R)|    2.632(R)|clk0_BUFGP        |   0.000|
rd_data_fifo_out<106>|   -0.817(R)|    3.087(R)|clk0_BUFGP        |   0.000|
rd_data_fifo_out<107>|   -0.779(R)|    3.055(R)|clk0_BUFGP        |   0.000|
rd_data_fifo_out<108>|   -0.475(R)|    2.767(R)|clk0_BUFGP        |   0.000|
rd_data_fifo_out<109>|   -0.311(R)|    2.616(R)|clk0_BUFGP        |   0.000|
rd_data_fifo_out<110>|   -0.803(R)|    3.068(R)|clk0_BUFGP        |   0.000|
rd_data_fifo_out<111>|   -0.774(R)|    3.044(R)|clk0_BUFGP        |   0.000|
rd_data_fifo_out<112>|   -0.280(R)|    2.582(R)|clk0_BUFGP        |   0.000|
rd_data_fifo_out<113>|   -0.622(R)|    2.894(R)|clk0_BUFGP        |   0.000|
rd_data_fifo_out<114>|   -0.791(R)|    3.051(R)|clk0_BUFGP        |   0.000|
rd_data_fifo_out<115>|   -0.497(R)|    2.780(R)|clk0_BUFGP        |   0.000|
rd_data_fifo_out<116>|   -0.301(R)|    2.591(R)|clk0_BUFGP        |   0.000|
rd_data_fifo_out<117>|   -0.577(R)|    2.848(R)|clk0_BUFGP        |   0.000|
rd_data_fifo_out<118>|   -0.775(R)|    3.029(R)|clk0_BUFGP        |   0.000|
rd_data_fifo_out<119>|   -0.469(R)|    2.747(R)|clk0_BUFGP        |   0.000|
rd_data_fifo_out<120>|   -0.281(R)|    2.577(R)|clk0_BUFGP        |   0.000|
rd_data_fifo_out<121>|   -0.629(R)|    2.894(R)|clk0_BUFGP        |   0.000|
rd_data_fifo_out<122>|   -0.781(R)|    3.036(R)|clk0_BUFGP        |   0.000|
rd_data_fifo_out<123>|   -0.468(R)|    2.749(R)|clk0_BUFGP        |   0.000|
rd_data_fifo_out<124>|   -0.271(R)|    2.582(R)|clk0_BUFGP        |   0.000|
rd_data_fifo_out<125>|   -0.616(R)|    2.897(R)|clk0_BUFGP        |   0.000|
rd_data_fifo_out<126>|   -0.786(R)|    3.055(R)|clk0_BUFGP        |   0.000|
rd_data_fifo_out<127>|   -0.464(R)|    2.760(R)|clk0_BUFGP        |   0.000|
rd_data_fifo_out<128>|   -0.577(R)|    2.864(R)|clk0_BUFGP        |   0.000|
rd_data_fifo_out<129>|   -0.803(R)|    3.070(R)|clk0_BUFGP        |   0.000|
rd_data_fifo_out<130>|   -0.639(R)|    2.919(R)|clk0_BUFGP        |   0.000|
rd_data_fifo_out<131>|   -0.435(R)|    2.733(R)|clk0_BUFGP        |   0.000|
rd_data_fifo_out<132>|   -0.560(R)|    2.858(R)|clk0_BUFGP        |   0.000|
rd_data_fifo_out<133>|   -0.803(R)|    3.081(R)|clk0_BUFGP        |   0.000|
rd_data_fifo_out<134>|   -0.624(R)|    2.917(R)|clk0_BUFGP        |   0.000|
rd_data_fifo_out<135>|   -0.448(R)|    2.756(R)|clk0_BUFGP        |   0.000|
rd_data_fifo_out<136>|    0.062(R)|    2.264(R)|clk0_BUFGP        |   0.000|
rd_data_fifo_out<137>|    0.039(R)|    2.284(R)|clk0_BUFGP        |   0.000|
rd_data_fifo_out<138>|    0.298(R)|    2.040(R)|clk0_BUFGP        |   0.000|
rd_data_fifo_out<139>|    0.307(R)|    2.030(R)|clk0_BUFGP        |   0.000|
rd_data_fifo_out<140>|   -0.671(R)|    2.661(R)|clk0_BUFGP        |   0.000|
rd_data_fifo_out<141>|   -0.494(R)|    2.498(R)|clk0_BUFGP        |   0.000|
rd_data_fifo_out<142>|   -0.512(R)|    2.515(R)|clk0_BUFGP        |   0.000|
rd_data_fifo_out<143>|   -0.589(R)|    2.585(R)|clk0_BUFGP        |   0.000|
rd_data_valid        |    0.591(R)|    2.671(R)|clk0_BUFGP        |   0.000|
rst0                 |   -0.105(R)|    2.508(R)|clk0_BUFGP        |   0.000|
---------------------+------------+------------+------------------+--------+

Clock clk0 to Pad
-----------------+------------+------------------+--------+
                 | clk (edge) |                  | Clock  |
Destination      |   to PAD   |Internal Clock(s) | Phase  |
-----------------+------------+------------------+--------+
app_af_addr<0>   |    8.911(R)|clk0_BUFGP        |   0.000|
app_af_addr<1>   |    8.833(R)|clk0_BUFGP        |   0.000|
app_af_addr<2>   |    8.910(R)|clk0_BUFGP        |   0.000|
app_af_addr<3>   |    8.780(R)|clk0_BUFGP        |   0.000|
app_af_addr<4>   |    8.747(R)|clk0_BUFGP        |   0.000|
app_af_addr<5>   |    8.783(R)|clk0_BUFGP        |   0.000|
app_af_addr<6>   |    8.770(R)|clk0_BUFGP        |   0.000|
app_af_addr<7>   |    8.773(R)|clk0_BUFGP        |   0.000|
app_af_addr<8>   |    8.778(R)|clk0_BUFGP        |   0.000|
app_af_addr<9>   |    8.836(R)|clk0_BUFGP        |   0.000|
app_af_addr<10>  |    8.814(R)|clk0_BUFGP        |   0.000|
app_af_addr<11>  |    8.800(R)|clk0_BUFGP        |   0.000|
app_af_addr<12>  |    8.847(R)|clk0_BUFGP        |   0.000|
app_af_addr<13>  |    8.983(R)|clk0_BUFGP        |   0.000|
app_af_addr<14>  |    8.936(R)|clk0_BUFGP        |   0.000|
app_af_addr<15>  |    8.928(R)|clk0_BUFGP        |   0.000|
app_af_addr<16>  |    8.827(R)|clk0_BUFGP        |   0.000|
app_af_addr<17>  |    9.006(R)|clk0_BUFGP        |   0.000|
app_af_addr<18>  |    8.668(R)|clk0_BUFGP        |   0.000|
app_af_addr<19>  |    9.001(R)|clk0_BUFGP        |   0.000|
app_af_addr<20>  |    9.002(R)|clk0_BUFGP        |   0.000|
app_af_addr<21>  |    9.003(R)|clk0_BUFGP        |   0.000|
app_af_addr<22>  |    8.934(R)|clk0_BUFGP        |   0.000|
app_af_addr<23>  |    8.997(R)|clk0_BUFGP        |   0.000|
app_af_addr<24>  |    8.831(R)|clk0_BUFGP        |   0.000|
app_af_addr<25>  |    9.027(R)|clk0_BUFGP        |   0.000|
app_af_addr<26>  |    9.176(R)|clk0_BUFGP        |   0.000|
app_af_cmd<0>    |    9.053(R)|clk0_BUFGP        |   0.000|
app_af_cmd<1>    |    9.035(R)|clk0_BUFGP        |   0.000|
app_af_wren      |    8.676(R)|clk0_BUFGP        |   0.000|
app_wdf_data<0>  |   10.938(R)|clk0_BUFGP        |   0.000|
app_wdf_data<1>  |    9.557(R)|clk0_BUFGP        |   0.000|
app_wdf_data<2>  |   11.188(R)|clk0_BUFGP        |   0.000|
app_wdf_data<3>  |    8.830(R)|clk0_BUFGP        |   0.000|
app_wdf_data<4>  |   11.444(R)|clk0_BUFGP        |   0.000|
app_wdf_data<5>  |    9.068(R)|clk0_BUFGP        |   0.000|
app_wdf_data<6>  |   10.877(R)|clk0_BUFGP        |   0.000|
app_wdf_data<7>  |    9.779(R)|clk0_BUFGP        |   0.000|
app_wdf_data<8>  |   10.402(R)|clk0_BUFGP        |   0.000|
app_wdf_data<9>  |    9.231(R)|clk0_BUFGP        |   0.000|
app_wdf_data<10> |   11.239(R)|clk0_BUFGP        |   0.000|
app_wdf_data<11> |    9.847(R)|clk0_BUFGP        |   0.000|
app_wdf_data<12> |   10.336(R)|clk0_BUFGP        |   0.000|
app_wdf_data<13> |    9.571(R)|clk0_BUFGP        |   0.000|
app_wdf_data<14> |   11.191(R)|clk0_BUFGP        |   0.000|
app_wdf_data<15> |    9.896(R)|clk0_BUFGP        |   0.000|
app_wdf_data<16> |   10.182(R)|clk0_BUFGP        |   0.000|
app_wdf_data<17> |   10.444(R)|clk0_BUFGP        |   0.000|
app_wdf_data<18> |   10.314(R)|clk0_BUFGP        |   0.000|
app_wdf_data<19> |   10.171(R)|clk0_BUFGP        |   0.000|
app_wdf_data<20> |   10.324(R)|clk0_BUFGP        |   0.000|
app_wdf_data<21> |   10.176(R)|clk0_BUFGP        |   0.000|
app_wdf_data<22> |   10.038(R)|clk0_BUFGP        |   0.000|
app_wdf_data<23> |    9.903(R)|clk0_BUFGP        |   0.000|
app_wdf_data<24> |   10.182(R)|clk0_BUFGP        |   0.000|
app_wdf_data<25> |   10.129(R)|clk0_BUFGP        |   0.000|
app_wdf_data<26> |   10.596(R)|clk0_BUFGP        |   0.000|
app_wdf_data<27> |    9.875(R)|clk0_BUFGP        |   0.000|
app_wdf_data<28> |   10.924(R)|clk0_BUFGP        |   0.000|
app_wdf_data<29> |   10.098(R)|clk0_BUFGP        |   0.000|
app_wdf_data<30> |   10.321(R)|clk0_BUFGP        |   0.000|
app_wdf_data<31> |   10.099(R)|clk0_BUFGP        |   0.000|
app_wdf_data<32> |   11.095(R)|clk0_BUFGP        |   0.000|
app_wdf_data<33> |    9.922(R)|clk0_BUFGP        |   0.000|
app_wdf_data<34> |   10.183(R)|clk0_BUFGP        |   0.000|
app_wdf_data<35> |    9.886(R)|clk0_BUFGP        |   0.000|
app_wdf_data<36> |   10.318(R)|clk0_BUFGP        |   0.000|
app_wdf_data<37> |    9.948(R)|clk0_BUFGP        |   0.000|
app_wdf_data<38> |   10.456(R)|clk0_BUFGP        |   0.000|
app_wdf_data<39> |    9.845(R)|clk0_BUFGP        |   0.000|
app_wdf_data<40> |   10.138(R)|clk0_BUFGP        |   0.000|
app_wdf_data<41> |    9.811(R)|clk0_BUFGP        |   0.000|
app_wdf_data<42> |   10.888(R)|clk0_BUFGP        |   0.000|
app_wdf_data<43> |    9.855(R)|clk0_BUFGP        |   0.000|
app_wdf_data<44> |   10.143(R)|clk0_BUFGP        |   0.000|
app_wdf_data<45> |    9.819(R)|clk0_BUFGP        |   0.000|
app_wdf_data<46> |   11.208(R)|clk0_BUFGP        |   0.000|
app_wdf_data<47> |    9.263(R)|clk0_BUFGP        |   0.000|
app_wdf_data<48> |   10.368(R)|clk0_BUFGP        |   0.000|
app_wdf_data<49> |    9.784(R)|clk0_BUFGP        |   0.000|
app_wdf_data<50> |   10.144(R)|clk0_BUFGP        |   0.000|
app_wdf_data<51> |    9.877(R)|clk0_BUFGP        |   0.000|
app_wdf_data<52> |   10.385(R)|clk0_BUFGP        |   0.000|
app_wdf_data<53> |    9.778(R)|clk0_BUFGP        |   0.000|
app_wdf_data<54> |   10.137(R)|clk0_BUFGP        |   0.000|
app_wdf_data<55> |    9.003(R)|clk0_BUFGP        |   0.000|
app_wdf_data<56> |   11.439(R)|clk0_BUFGP        |   0.000|
app_wdf_data<57> |    9.517(R)|clk0_BUFGP        |   0.000|
app_wdf_data<58> |   11.201(R)|clk0_BUFGP        |   0.000|
app_wdf_data<59> |    9.025(R)|clk0_BUFGP        |   0.000|
app_wdf_data<60> |   11.409(R)|clk0_BUFGP        |   0.000|
app_wdf_data<61> |    9.075(R)|clk0_BUFGP        |   0.000|
app_wdf_data<62> |   11.207(R)|clk0_BUFGP        |   0.000|
app_wdf_data<63> |    9.256(R)|clk0_BUFGP        |   0.000|
app_wdf_data<64> |   10.945(R)|clk0_BUFGP        |   0.000|
app_wdf_data<65> |    9.803(R)|clk0_BUFGP        |   0.000|
app_wdf_data<66> |   10.971(R)|clk0_BUFGP        |   0.000|
app_wdf_data<67> |    9.846(R)|clk0_BUFGP        |   0.000|
app_wdf_data<68> |   10.974(R)|clk0_BUFGP        |   0.000|
app_wdf_data<69> |    9.704(R)|clk0_BUFGP        |   0.000|
app_wdf_data<70> |   10.012(R)|clk0_BUFGP        |   0.000|
app_wdf_data<71> |    9.903(R)|clk0_BUFGP        |   0.000|
app_wdf_data<72> |   10.186(R)|clk0_BUFGP        |   0.000|
app_wdf_data<73> |   10.435(R)|clk0_BUFGP        |   0.000|
app_wdf_data<74> |    9.598(R)|clk0_BUFGP        |   0.000|
app_wdf_data<75> |    9.412(R)|clk0_BUFGP        |   0.000|
app_wdf_data<76> |   10.008(R)|clk0_BUFGP        |   0.000|
app_wdf_data<77> |   10.502(R)|clk0_BUFGP        |   0.000|
app_wdf_data<78> |    9.585(R)|clk0_BUFGP        |   0.000|
app_wdf_data<79> |   10.146(R)|clk0_BUFGP        |   0.000|
app_wdf_data<80> |    9.841(R)|clk0_BUFGP        |   0.000|
app_wdf_data<81> |    9.648(R)|clk0_BUFGP        |   0.000|
app_wdf_data<82> |    9.431(R)|clk0_BUFGP        |   0.000|
app_wdf_data<83> |   10.006(R)|clk0_BUFGP        |   0.000|
app_wdf_data<84> |    9.901(R)|clk0_BUFGP        |   0.000|
app_wdf_data<85> |   10.408(R)|clk0_BUFGP        |   0.000|
app_wdf_data<86> |    9.622(R)|clk0_BUFGP        |   0.000|
app_wdf_data<87> |    9.636(R)|clk0_BUFGP        |   0.000|
app_wdf_data<88> |   10.032(R)|clk0_BUFGP        |   0.000|
app_wdf_data<89> |   10.528(R)|clk0_BUFGP        |   0.000|
app_wdf_data<90> |    9.334(R)|clk0_BUFGP        |   0.000|
app_wdf_data<91> |    9.655(R)|clk0_BUFGP        |   0.000|
app_wdf_data<92> |    9.985(R)|clk0_BUFGP        |   0.000|
app_wdf_data<93> |    9.661(R)|clk0_BUFGP        |   0.000|
app_wdf_data<94> |    9.331(R)|clk0_BUFGP        |   0.000|
app_wdf_data<95> |    9.999(R)|clk0_BUFGP        |   0.000|
app_wdf_data<96> |    9.935(R)|clk0_BUFGP        |   0.000|
app_wdf_data<97> |    9.797(R)|clk0_BUFGP        |   0.000|
app_wdf_data<98> |    9.629(R)|clk0_BUFGP        |   0.000|
app_wdf_data<99> |   10.162(R)|clk0_BUFGP        |   0.000|
app_wdf_data<100>|    9.838(R)|clk0_BUFGP        |   0.000|
app_wdf_data<101>|   10.444(R)|clk0_BUFGP        |   0.000|
app_wdf_data<102>|    9.446(R)|clk0_BUFGP        |   0.000|
app_wdf_data<103>|   10.320(R)|clk0_BUFGP        |   0.000|
app_wdf_data<104>|   10.037(R)|clk0_BUFGP        |   0.000|
app_wdf_data<105>|   10.424(R)|clk0_BUFGP        |   0.000|
app_wdf_data<106>|    9.492(R)|clk0_BUFGP        |   0.000|
app_wdf_data<107>|    9.658(R)|clk0_BUFGP        |   0.000|
app_wdf_data<108>|    9.911(R)|clk0_BUFGP        |   0.000|
app_wdf_data<109>|   10.214(R)|clk0_BUFGP        |   0.000|
app_wdf_data<110>|    9.778(R)|clk0_BUFGP        |   0.000|
app_wdf_data<111>|    9.821(R)|clk0_BUFGP        |   0.000|
app_wdf_data<112>|    9.989(R)|clk0_BUFGP        |   0.000|
app_wdf_data<113>|    9.669(R)|clk0_BUFGP        |   0.000|
app_wdf_data<114>|    9.323(R)|clk0_BUFGP        |   0.000|
app_wdf_data<115>|    9.644(R)|clk0_BUFGP        |   0.000|
app_wdf_data<116>|    9.880(R)|clk0_BUFGP        |   0.000|
app_wdf_data<117>|   10.429(R)|clk0_BUFGP        |   0.000|
app_wdf_data<118>|    9.326(R)|clk0_BUFGP        |   0.000|
app_wdf_data<119>|    9.443(R)|clk0_BUFGP        |   0.000|
app_wdf_data<120>|    9.879(R)|clk0_BUFGP        |   0.000|
app_wdf_data<121>|   10.220(R)|clk0_BUFGP        |   0.000|
app_wdf_data<122>|    9.776(R)|clk0_BUFGP        |   0.000|
app_wdf_data<123>|    9.817(R)|clk0_BUFGP        |   0.000|
app_wdf_data<124>|   10.023(R)|clk0_BUFGP        |   0.000|
app_wdf_data<125>|   10.580(R)|clk0_BUFGP        |   0.000|
app_wdf_data<126>|    9.586(R)|clk0_BUFGP        |   0.000|
app_wdf_data<127>|    9.924(R)|clk0_BUFGP        |   0.000|
app_wdf_data<128>|   10.220(R)|clk0_BUFGP        |   0.000|
app_wdf_data<129>|   10.417(R)|clk0_BUFGP        |   0.000|
app_wdf_data<130>|    9.620(R)|clk0_BUFGP        |   0.000|
app_wdf_data<131>|    9.451(R)|clk0_BUFGP        |   0.000|
app_wdf_data<132>|   10.211(R)|clk0_BUFGP        |   0.000|
app_wdf_data<133>|   10.408(R)|clk0_BUFGP        |   0.000|
app_wdf_data<134>|    9.633(R)|clk0_BUFGP        |   0.000|
app_wdf_data<135>|    9.811(R)|clk0_BUFGP        |   0.000|
app_wdf_data<136>|    9.982(R)|clk0_BUFGP        |   0.000|
app_wdf_data<137>|   10.495(R)|clk0_BUFGP        |   0.000|
app_wdf_data<138>|    9.502(R)|clk0_BUFGP        |   0.000|
app_wdf_data<139>|    9.928(R)|clk0_BUFGP        |   0.000|
app_wdf_data<140>|    9.998(R)|clk0_BUFGP        |   0.000|
app_wdf_data<141>|    9.666(R)|clk0_BUFGP        |   0.000|
app_wdf_data<142>|    9.591(R)|clk0_BUFGP        |   0.000|
app_wdf_data<143>|    9.927(R)|clk0_BUFGP        |   0.000|
app_wdf_wren     |    8.596(R)|clk0_BUFGP        |   0.000|
error            |    8.668(R)|clk0_BUFGP        |   0.000|
error_cmp        |    8.728(R)|clk0_BUFGP        |   0.000|
-----------------+------------+------------------+--------+

Clock to Setup on destination clock clk0
---------------+---------+---------+---------+---------+
               | Src:Rise| Src:Fall| Src:Rise| Src:Fall|
Source Clock   |Dest:Rise|Dest:Rise|Dest:Fall|Dest:Fall|
---------------+---------+---------+---------+---------+
clk0           |    3.135|         |         |         |
---------------+---------+---------+---------+---------+


Analysis completed Tue Oct 08 17:33:05 2013 
--------------------------------------------------------------------------------

Trace Settings:
-------------------------
Trace Settings 

Peak Memory Usage: 432 MB



