Release 14.6 Map P.68d (nt64)
Xilinx Mapping Report File for Design 'ddr2_tb_top'

Design Information
------------------
Command Line   : map -intstyle ise -p xc5vlx110t-ff1136-1 -w -logic_opt off -ol
high -t 1 -register_duplication off -global_opt off -mt off -cm area -ir off -pr
off -lc off -power off -o ddr2_tb_top_map.ncd ddr2_tb_top.ngd ddr2_tb_top.pcf 
Target Device  : xc5vlx110t
Target Package : ff1136
Target Speed   : -1
Mapper Version : virtex5 -- $Revision: 1.55 $
Mapped Date    : Tue Oct 08 17:31:13 2013

Design Summary
--------------
Number of errors:      0
Number of warnings:    0
Slice Logic Utilization:
  Number of Slice Registers:                   702 out of  69,120    1%
    Number used as Flip Flops:                 702
  Number of Slice LUTs:                        138 out of  69,120    1%
    Number used as logic:                      101 out of  69,120    1%
      Number using O6 output only:             101
    Number used as Memory:                      37 out of  17,920    1%
      Number used as Shift Register:            37
        Number using O6 output only:            37

Slice Logic Distribution:
  Number of occupied Slices:                   219 out of  17,280    1%
  Number of LUT Flip Flop pairs used:          727
    Number with an unused Flip Flop:            25 out of     727    3%
    Number with an unused LUT:                 589 out of     727   81%
    Number of fully used LUT-FF pairs:         113 out of     727   15%
    Number of unique control sets:               8
    Number of slice register sites lost
      to control set restrictions:              13 out of  69,120    1%

  A LUT Flip Flop pair for this architecture represents one LUT paired with
  one Flip Flop within a slice.  A control set is a unique combination of
  clock, reset, set, and enable signals for a registered element.
  The Slice Logic Distribution report is not meaningful if the design is
  over-mapped for a non-slice resource or if Placement fails.
  OVERMAPPING of BRAM resources should be ignored if the design is
  over-mapped for a non-BRAM resource or if placement fails.

IO Utilization:
  Number of bonded IOBs:                       350 out of     640   54%

Specific Feature Utilization:
  Number of BlockRAM/FIFO:                       1 out of     148    1%
    Number using BlockRAM only:                  1
    Total primitives used:
      Number of 36k BlockRAM used:               1
    Total Memory used (KB):                     36 out of   5,328    1%
  Number of BUFG/BUFGCTRLs:                      1 out of      32    3%
    Number used as BUFGs:                        1

Average Fanout of Non-Clock Nets:                1.49

Peak Memory Usage:  603 MB
Total REAL time to MAP completion:  37 secs 
Total CPU time to MAP completion:   36 secs 

Table of Contents
-----------------
Section 1 - Errors
Section 2 - Warnings
Section 3 - Informational
Section 4 - Removed Logic Summary
Section 5 - Removed Logic
Section 6 - IOB Properties
Section 7 - RPMs
Section 8 - Guide Report
Section 9 - Area Group and Partition Summary
Section 10 - Timing Report
Section 11 - Configuration String Information
Section 12 - Control Set Information
Section 13 - Utilization by Hierarchy

Section 1 - Errors
------------------

Section 2 - Warnings
--------------------

Section 3 - Informational
-------------------------
INFO:MapLib:562 - No environment variables are currently set.
INFO:LIT:244 - All of the single ended outputs in this design are using slew
   rate limited output drivers. The delay on speed critical single ended outputs
   can be dramatically reduced by designating them as fast outputs.
INFO:Pack:1716 - Initializing temperature to 85.000 Celsius. (default - Range:
   0.000 to 85.000 Celsius)
INFO:Pack:1720 - Initializing voltage to 0.950 Volts. (default - Range: 0.950 to
   1.050 Volts)
INFO:Map:215 - The Interim Design Summary has been generated in the MAP Report
   (.mrp).
INFO:Pack:1650 - Map created a placed design.

Section 4 - Removed Logic Summary
---------------------------------
   2 block(s) optimized away

Section 5 - Removed Logic
-------------------------

Optimized Block(s):
TYPE 		BLOCK
GND 		XST_GND
VCC 		XST_VCC

Section 6 - IOB Properties
--------------------------

+---------------------------------------------------------------------------------------------------------------------------------------------------------+
| IOB Name                           | Type             | Direction | IO Standard          | Diff  | Drive    | Slew | Reg (s)      | Resistor | IOB      |
|                                    |                  |           |                      | Term  | Strength | Rate |              |          | Delay    |
+---------------------------------------------------------------------------------------------------------------------------------------------------------+
| app_af_addr<0>                     | IOB              | OUTPUT    | LVCMOS25             |       | 12       | SLOW |              |          |          |
| app_af_addr<1>                     | IOB              | OUTPUT    | LVCMOS25             |       | 12       | SLOW |              |          |          |
| app_af_addr<2>                     | IOB              | OUTPUT    | LVCMOS25             |       | 12       | SLOW |              |          |          |
| app_af_addr<3>                     | IOB              | OUTPUT    | LVCMOS25             |       | 12       | SLOW |              |          |          |
| app_af_addr<4>                     | IOB              | OUTPUT    | LVCMOS25             |       | 12       | SLOW |              |          |          |
| app_af_addr<5>                     | IOB              | OUTPUT    | LVCMOS25             |       | 12       | SLOW |              |          |          |
| app_af_addr<6>                     | IOB              | OUTPUT    | LVCMOS25             |       | 12       | SLOW |              |          |          |
| app_af_addr<7>                     | IOB              | OUTPUT    | LVCMOS25             |       | 12       | SLOW |              |          |          |
| app_af_addr<8>                     | IOB              | OUTPUT    | LVCMOS25             |       | 12       | SLOW |              |          |          |
| app_af_addr<9>                     | IOB              | OUTPUT    | LVCMOS25             |       | 12       | SLOW |              |          |          |
| app_af_addr<10>                    | IOB              | OUTPUT    | LVCMOS25             |       | 12       | SLOW |              |          |          |
| app_af_addr<11>                    | IOB              | OUTPUT    | LVCMOS25             |       | 12       | SLOW |              |          |          |
| app_af_addr<12>                    | IOB              | OUTPUT    | LVCMOS25             |       | 12       | SLOW |              |          |          |
| app_af_addr<13>                    | IOB              | OUTPUT    | LVCMOS25             |       | 12       | SLOW |              |          |          |
| app_af_addr<14>                    | IOB              | OUTPUT    | LVCMOS25             |       | 12       | SLOW |              |          |          |
| app_af_addr<15>                    | IOB              | OUTPUT    | LVCMOS25             |       | 12       | SLOW |              |          |          |
| app_af_addr<16>                    | IOB              | OUTPUT    | LVCMOS25             |       | 12       | SLOW |              |          |          |
| app_af_addr<17>                    | IOB              | OUTPUT    | LVCMOS25             |       | 12       | SLOW |              |          |          |
| app_af_addr<18>                    | IOB              | OUTPUT    | LVCMOS25             |       | 12       | SLOW |              |          |          |
| app_af_addr<19>                    | IOB              | OUTPUT    | LVCMOS25             |       | 12       | SLOW |              |          |          |
| app_af_addr<20>                    | IOB              | OUTPUT    | LVCMOS25             |       | 12       | SLOW |              |          |          |
| app_af_addr<21>                    | IOB              | OUTPUT    | LVCMOS25             |       | 12       | SLOW |              |          |          |
| app_af_addr<22>                    | IOB              | OUTPUT    | LVCMOS25             |       | 12       | SLOW |              |          |          |
| app_af_addr<23>                    | IOB              | OUTPUT    | LVCMOS25             |       | 12       | SLOW |              |          |          |
| app_af_addr<24>                    | IOB              | OUTPUT    | LVCMOS25             |       | 12       | SLOW |              |          |          |
| app_af_addr<25>                    | IOB              | OUTPUT    | LVCMOS25             |       | 12       | SLOW |              |          |          |
| app_af_addr<26>                    | IOB              | OUTPUT    | LVCMOS25             |       | 12       | SLOW |              |          |          |
| app_af_addr<27>                    | IOB              | OUTPUT    | LVCMOS25             |       | 12       | SLOW |              |          |          |
| app_af_addr<28>                    | IOB              | OUTPUT    | LVCMOS25             |       | 12       | SLOW |              |          |          |
| app_af_addr<29>                    | IOB              | OUTPUT    | LVCMOS25             |       | 12       | SLOW |              |          |          |
| app_af_addr<30>                    | IOB              | OUTPUT    | LVCMOS25             |       | 12       | SLOW |              |          |          |
| app_af_afull                       | IOB              | INPUT     | LVCMOS25             |       |          |      |              |          |          |
| app_af_cmd<0>                      | IOB              | OUTPUT    | LVCMOS25             |       | 12       | SLOW |              |          |          |
| app_af_cmd<1>                      | IOB              | OUTPUT    | LVCMOS25             |       | 12       | SLOW |              |          |          |
| app_af_cmd<2>                      | IOB              | OUTPUT    | LVCMOS25             |       | 12       | SLOW |              |          |          |
| app_af_wren                        | IOB              | OUTPUT    | LVCMOS25             |       | 12       | SLOW |              |          |          |
| app_wdf_afull                      | IOB              | INPUT     | LVCMOS25             |       |          |      |              |          |          |
| app_wdf_data<0>                    | IOB              | OUTPUT    | LVCMOS25             |       | 12       | SLOW |              |          |          |
| app_wdf_data<1>                    | IOB              | OUTPUT    | LVCMOS25             |       | 12       | SLOW |              |          |          |
| app_wdf_data<2>                    | IOB              | OUTPUT    | LVCMOS25             |       | 12       | SLOW |              |          |          |
| app_wdf_data<3>                    | IOB              | OUTPUT    | LVCMOS25             |       | 12       | SLOW |              |          |          |
| app_wdf_data<4>                    | IOB              | OUTPUT    | LVCMOS25             |       | 12       | SLOW |              |          |          |
| app_wdf_data<5>                    | IOB              | OUTPUT    | LVCMOS25             |       | 12       | SLOW |              |          |          |
| app_wdf_data<6>                    | IOB              | OUTPUT    | LVCMOS25             |       | 12       | SLOW |              |          |          |
| app_wdf_data<7>                    | IOB              | OUTPUT    | LVCMOS25             |       | 12       | SLOW |              |          |          |
| app_wdf_data<8>                    | IOB              | OUTPUT    | LVCMOS25             |       | 12       | SLOW |              |          |          |
| app_wdf_data<9>                    | IOB              | OUTPUT    | LVCMOS25             |       | 12       | SLOW |              |          |          |
| app_wdf_data<10>                   | IOB              | OUTPUT    | LVCMOS25             |       | 12       | SLOW |              |          |          |
| app_wdf_data<11>                   | IOB              | OUTPUT    | LVCMOS25             |       | 12       | SLOW |              |          |          |
| app_wdf_data<12>                   | IOB              | OUTPUT    | LVCMOS25             |       | 12       | SLOW |              |          |          |
| app_wdf_data<13>                   | IOB              | OUTPUT    | LVCMOS25             |       | 12       | SLOW |              |          |          |
| app_wdf_data<14>                   | IOB              | OUTPUT    | LVCMOS25             |       | 12       | SLOW |              |          |          |
| app_wdf_data<15>                   | IOB              | OUTPUT    | LVCMOS25             |       | 12       | SLOW |              |          |          |
| app_wdf_data<16>                   | IOB              | OUTPUT    | LVCMOS25             |       | 12       | SLOW |              |          |          |
| app_wdf_data<17>                   | IOB              | OUTPUT    | LVCMOS25             |       | 12       | SLOW |              |          |          |
| app_wdf_data<18>                   | IOB              | OUTPUT    | LVCMOS25             |       | 12       | SLOW |              |          |          |
| app_wdf_data<19>                   | IOB              | OUTPUT    | LVCMOS25             |       | 12       | SLOW |              |          |          |
| app_wdf_data<20>                   | IOB              | OUTPUT    | LVCMOS25             |       | 12       | SLOW |              |          |          |
| app_wdf_data<21>                   | IOB              | OUTPUT    | LVCMOS25             |       | 12       | SLOW |              |          |          |
| app_wdf_data<22>                   | IOB              | OUTPUT    | LVCMOS25             |       | 12       | SLOW |              |          |          |
| app_wdf_data<23>                   | IOB              | OUTPUT    | LVCMOS25             |       | 12       | SLOW |              |          |          |
| app_wdf_data<24>                   | IOB              | OUTPUT    | LVCMOS25             |       | 12       | SLOW |              |          |          |
| app_wdf_data<25>                   | IOB              | OUTPUT    | LVCMOS25             |       | 12       | SLOW |              |          |          |
| app_wdf_data<26>                   | IOB              | OUTPUT    | LVCMOS25             |       | 12       | SLOW |              |          |          |
| app_wdf_data<27>                   | IOB              | OUTPUT    | LVCMOS25             |       | 12       | SLOW |              |          |          |
| app_wdf_data<28>                   | IOB              | OUTPUT    | LVCMOS25             |       | 12       | SLOW |              |          |          |
| app_wdf_data<29>                   | IOB              | OUTPUT    | LVCMOS25             |       | 12       | SLOW |              |          |          |
| app_wdf_data<30>                   | IOB              | OUTPUT    | LVCMOS25             |       | 12       | SLOW |              |          |          |
| app_wdf_data<31>                   | IOB              | OUTPUT    | LVCMOS25             |       | 12       | SLOW |              |          |          |
| app_wdf_data<32>                   | IOB              | OUTPUT    | LVCMOS25             |       | 12       | SLOW |              |          |          |
| app_wdf_data<33>                   | IOB              | OUTPUT    | LVCMOS25             |       | 12       | SLOW |              |          |          |
| app_wdf_data<34>                   | IOB              | OUTPUT    | LVCMOS25             |       | 12       | SLOW |              |          |          |
| app_wdf_data<35>                   | IOB              | OUTPUT    | LVCMOS25             |       | 12       | SLOW |              |          |          |
| app_wdf_data<36>                   | IOB              | OUTPUT    | LVCMOS25             |       | 12       | SLOW |              |          |          |
| app_wdf_data<37>                   | IOB              | OUTPUT    | LVCMOS25             |       | 12       | SLOW |              |          |          |
| app_wdf_data<38>                   | IOB              | OUTPUT    | LVCMOS25             |       | 12       | SLOW |              |          |          |
| app_wdf_data<39>                   | IOB              | OUTPUT    | LVCMOS25             |       | 12       | SLOW |              |          |          |
| app_wdf_data<40>                   | IOB              | OUTPUT    | LVCMOS25             |       | 12       | SLOW |              |          |          |
| app_wdf_data<41>                   | IOB              | OUTPUT    | LVCMOS25             |       | 12       | SLOW |              |          |          |
| app_wdf_data<42>                   | IOB              | OUTPUT    | LVCMOS25             |       | 12       | SLOW |              |          |          |
| app_wdf_data<43>                   | IOB              | OUTPUT    | LVCMOS25             |       | 12       | SLOW |              |          |          |
| app_wdf_data<44>                   | IOB              | OUTPUT    | LVCMOS25             |       | 12       | SLOW |              |          |          |
| app_wdf_data<45>                   | IOB              | OUTPUT    | LVCMOS25             |       | 12       | SLOW |              |          |          |
| app_wdf_data<46>                   | IOB              | OUTPUT    | LVCMOS25             |       | 12       | SLOW |              |          |          |
| app_wdf_data<47>                   | IOB              | OUTPUT    | LVCMOS25             |       | 12       | SLOW |              |          |          |
| app_wdf_data<48>                   | IOB              | OUTPUT    | LVCMOS25             |       | 12       | SLOW |              |          |          |
| app_wdf_data<49>                   | IOB              | OUTPUT    | LVCMOS25             |       | 12       | SLOW |              |          |          |
| app_wdf_data<50>                   | IOB              | OUTPUT    | LVCMOS25             |       | 12       | SLOW |              |          |          |
| app_wdf_data<51>                   | IOB              | OUTPUT    | LVCMOS25             |       | 12       | SLOW |              |          |          |
| app_wdf_data<52>                   | IOB              | OUTPUT    | LVCMOS25             |       | 12       | SLOW |              |          |          |
| app_wdf_data<53>                   | IOB              | OUTPUT    | LVCMOS25             |       | 12       | SLOW |              |          |          |
| app_wdf_data<54>                   | IOB              | OUTPUT    | LVCMOS25             |       | 12       | SLOW |              |          |          |
| app_wdf_data<55>                   | IOB              | OUTPUT    | LVCMOS25             |       | 12       | SLOW |              |          |          |
| app_wdf_data<56>                   | IOB              | OUTPUT    | LVCMOS25             |       | 12       | SLOW |              |          |          |
| app_wdf_data<57>                   | IOB              | OUTPUT    | LVCMOS25             |       | 12       | SLOW |              |          |          |
| app_wdf_data<58>                   | IOB              | OUTPUT    | LVCMOS25             |       | 12       | SLOW |              |          |          |
| app_wdf_data<59>                   | IOB              | OUTPUT    | LVCMOS25             |       | 12       | SLOW |              |          |          |
| app_wdf_data<60>                   | IOB              | OUTPUT    | LVCMOS25             |       | 12       | SLOW |              |          |          |
| app_wdf_data<61>                   | IOB              | OUTPUT    | LVCMOS25             |       | 12       | SLOW |              |          |          |
| app_wdf_data<62>                   | IOB              | OUTPUT    | LVCMOS25             |       | 12       | SLOW |              |          |          |
| app_wdf_data<63>                   | IOB              | OUTPUT    | LVCMOS25             |       | 12       | SLOW |              |          |          |
| app_wdf_data<64>                   | IOB              | OUTPUT    | LVCMOS25             |       | 12       | SLOW |              |          |          |
| app_wdf_data<65>                   | IOB              | OUTPUT    | LVCMOS25             |       | 12       | SLOW |              |          |          |
| app_wdf_data<66>                   | IOB              | OUTPUT    | LVCMOS25             |       | 12       | SLOW |              |          |          |
| app_wdf_data<67>                   | IOB              | OUTPUT    | LVCMOS25             |       | 12       | SLOW |              |          |          |
| app_wdf_data<68>                   | IOB              | OUTPUT    | LVCMOS25             |       | 12       | SLOW |              |          |          |
| app_wdf_data<69>                   | IOB              | OUTPUT    | LVCMOS25             |       | 12       | SLOW |              |          |          |
| app_wdf_data<70>                   | IOB              | OUTPUT    | LVCMOS25             |       | 12       | SLOW |              |          |          |
| app_wdf_data<71>                   | IOB              | OUTPUT    | LVCMOS25             |       | 12       | SLOW |              |          |          |
| app_wdf_data<72>                   | IOB              | OUTPUT    | LVCMOS25             |       | 12       | SLOW |              |          |          |
| app_wdf_data<73>                   | IOB              | OUTPUT    | LVCMOS25             |       | 12       | SLOW |              |          |          |
| app_wdf_data<74>                   | IOB              | OUTPUT    | LVCMOS25             |       | 12       | SLOW |              |          |          |
| app_wdf_data<75>                   | IOB              | OUTPUT    | LVCMOS25             |       | 12       | SLOW |              |          |          |
| app_wdf_data<76>                   | IOB              | OUTPUT    | LVCMOS25             |       | 12       | SLOW |              |          |          |
| app_wdf_data<77>                   | IOB              | OUTPUT    | LVCMOS25             |       | 12       | SLOW |              |          |          |
| app_wdf_data<78>                   | IOB              | OUTPUT    | LVCMOS25             |       | 12       | SLOW |              |          |          |
| app_wdf_data<79>                   | IOB              | OUTPUT    | LVCMOS25             |       | 12       | SLOW |              |          |          |
| app_wdf_data<80>                   | IOB              | OUTPUT    | LVCMOS25             |       | 12       | SLOW |              |          |          |
| app_wdf_data<81>                   | IOB              | OUTPUT    | LVCMOS25             |       | 12       | SLOW |              |          |          |
| app_wdf_data<82>                   | IOB              | OUTPUT    | LVCMOS25             |       | 12       | SLOW |              |          |          |
| app_wdf_data<83>                   | IOB              | OUTPUT    | LVCMOS25             |       | 12       | SLOW |              |          |          |
| app_wdf_data<84>                   | IOB              | OUTPUT    | LVCMOS25             |       | 12       | SLOW |              |          |          |
| app_wdf_data<85>                   | IOB              | OUTPUT    | LVCMOS25             |       | 12       | SLOW |              |          |          |
| app_wdf_data<86>                   | IOB              | OUTPUT    | LVCMOS25             |       | 12       | SLOW |              |          |          |
| app_wdf_data<87>                   | IOB              | OUTPUT    | LVCMOS25             |       | 12       | SLOW |              |          |          |
| app_wdf_data<88>                   | IOB              | OUTPUT    | LVCMOS25             |       | 12       | SLOW |              |          |          |
| app_wdf_data<89>                   | IOB              | OUTPUT    | LVCMOS25             |       | 12       | SLOW |              |          |          |
| app_wdf_data<90>                   | IOB              | OUTPUT    | LVCMOS25             |       | 12       | SLOW |              |          |          |
| app_wdf_data<91>                   | IOB              | OUTPUT    | LVCMOS25             |       | 12       | SLOW |              |          |          |
| app_wdf_data<92>                   | IOB              | OUTPUT    | LVCMOS25             |       | 12       | SLOW |              |          |          |
| app_wdf_data<93>                   | IOB              | OUTPUT    | LVCMOS25             |       | 12       | SLOW |              |          |          |
| app_wdf_data<94>                   | IOB              | OUTPUT    | LVCMOS25             |       | 12       | SLOW |              |          |          |
| app_wdf_data<95>                   | IOB              | OUTPUT    | LVCMOS25             |       | 12       | SLOW |              |          |          |
| app_wdf_data<96>                   | IOB              | OUTPUT    | LVCMOS25             |       | 12       | SLOW |              |          |          |
| app_wdf_data<97>                   | IOB              | OUTPUT    | LVCMOS25             |       | 12       | SLOW |              |          |          |
| app_wdf_data<98>                   | IOB              | OUTPUT    | LVCMOS25             |       | 12       | SLOW |              |          |          |
| app_wdf_data<99>                   | IOB              | OUTPUT    | LVCMOS25             |       | 12       | SLOW |              |          |          |
| app_wdf_data<100>                  | IOB              | OUTPUT    | LVCMOS25             |       | 12       | SLOW |              |          |          |
| app_wdf_data<101>                  | IOB              | OUTPUT    | LVCMOS25             |       | 12       | SLOW |              |          |          |
| app_wdf_data<102>                  | IOB              | OUTPUT    | LVCMOS25             |       | 12       | SLOW |              |          |          |
| app_wdf_data<103>                  | IOB              | OUTPUT    | LVCMOS25             |       | 12       | SLOW |              |          |          |
| app_wdf_data<104>                  | IOB              | OUTPUT    | LVCMOS25             |       | 12       | SLOW |              |          |          |
| app_wdf_data<105>                  | IOB              | OUTPUT    | LVCMOS25             |       | 12       | SLOW |              |          |          |
| app_wdf_data<106>                  | IOB              | OUTPUT    | LVCMOS25             |       | 12       | SLOW |              |          |          |
| app_wdf_data<107>                  | IOB              | OUTPUT    | LVCMOS25             |       | 12       | SLOW |              |          |          |
| app_wdf_data<108>                  | IOB              | OUTPUT    | LVCMOS25             |       | 12       | SLOW |              |          |          |
| app_wdf_data<109>                  | IOB              | OUTPUT    | LVCMOS25             |       | 12       | SLOW |              |          |          |
| app_wdf_data<110>                  | IOB              | OUTPUT    | LVCMOS25             |       | 12       | SLOW |              |          |          |
| app_wdf_data<111>                  | IOB              | OUTPUT    | LVCMOS25             |       | 12       | SLOW |              |          |          |
| app_wdf_data<112>                  | IOB              | OUTPUT    | LVCMOS25             |       | 12       | SLOW |              |          |          |
| app_wdf_data<113>                  | IOB              | OUTPUT    | LVCMOS25             |       | 12       | SLOW |              |          |          |
| app_wdf_data<114>                  | IOB              | OUTPUT    | LVCMOS25             |       | 12       | SLOW |              |          |          |
| app_wdf_data<115>                  | IOB              | OUTPUT    | LVCMOS25             |       | 12       | SLOW |              |          |          |
| app_wdf_data<116>                  | IOB              | OUTPUT    | LVCMOS25             |       | 12       | SLOW |              |          |          |
| app_wdf_data<117>                  | IOB              | OUTPUT    | LVCMOS25             |       | 12       | SLOW |              |          |          |
| app_wdf_data<118>                  | IOB              | OUTPUT    | LVCMOS25             |       | 12       | SLOW |              |          |          |
| app_wdf_data<119>                  | IOB              | OUTPUT    | LVCMOS25             |       | 12       | SLOW |              |          |          |
| app_wdf_data<120>                  | IOB              | OUTPUT    | LVCMOS25             |       | 12       | SLOW |              |          |          |
| app_wdf_data<121>                  | IOB              | OUTPUT    | LVCMOS25             |       | 12       | SLOW |              |          |          |
| app_wdf_data<122>                  | IOB              | OUTPUT    | LVCMOS25             |       | 12       | SLOW |              |          |          |
| app_wdf_data<123>                  | IOB              | OUTPUT    | LVCMOS25             |       | 12       | SLOW |              |          |          |
| app_wdf_data<124>                  | IOB              | OUTPUT    | LVCMOS25             |       | 12       | SLOW |              |          |          |
| app_wdf_data<125>                  | IOB              | OUTPUT    | LVCMOS25             |       | 12       | SLOW |              |          |          |
| app_wdf_data<126>                  | IOB              | OUTPUT    | LVCMOS25             |       | 12       | SLOW |              |          |          |
| app_wdf_data<127>                  | IOB              | OUTPUT    | LVCMOS25             |       | 12       | SLOW |              |          |          |
| app_wdf_data<128>                  | IOB              | OUTPUT    | LVCMOS25             |       | 12       | SLOW |              |          |          |
| app_wdf_data<129>                  | IOB              | OUTPUT    | LVCMOS25             |       | 12       | SLOW |              |          |          |
| app_wdf_data<130>                  | IOB              | OUTPUT    | LVCMOS25             |       | 12       | SLOW |              |          |          |
| app_wdf_data<131>                  | IOB              | OUTPUT    | LVCMOS25             |       | 12       | SLOW |              |          |          |
| app_wdf_data<132>                  | IOB              | OUTPUT    | LVCMOS25             |       | 12       | SLOW |              |          |          |
| app_wdf_data<133>                  | IOB              | OUTPUT    | LVCMOS25             |       | 12       | SLOW |              |          |          |
| app_wdf_data<134>                  | IOB              | OUTPUT    | LVCMOS25             |       | 12       | SLOW |              |          |          |
| app_wdf_data<135>                  | IOB              | OUTPUT    | LVCMOS25             |       | 12       | SLOW |              |          |          |
| app_wdf_data<136>                  | IOB              | OUTPUT    | LVCMOS25             |       | 12       | SLOW |              |          |          |
| app_wdf_data<137>                  | IOB              | OUTPUT    | LVCMOS25             |       | 12       | SLOW |              |          |          |
| app_wdf_data<138>                  | IOB              | OUTPUT    | LVCMOS25             |       | 12       | SLOW |              |          |          |
| app_wdf_data<139>                  | IOB              | OUTPUT    | LVCMOS25             |       | 12       | SLOW |              |          |          |
| app_wdf_data<140>                  | IOB              | OUTPUT    | LVCMOS25             |       | 12       | SLOW |              |          |          |
| app_wdf_data<141>                  | IOB              | OUTPUT    | LVCMOS25             |       | 12       | SLOW |              |          |          |
| app_wdf_data<142>                  | IOB              | OUTPUT    | LVCMOS25             |       | 12       | SLOW |              |          |          |
| app_wdf_data<143>                  | IOB              | OUTPUT    | LVCMOS25             |       | 12       | SLOW |              |          |          |
| app_wdf_mask_data<0>               | IOB              | OUTPUT    | LVCMOS25             |       | 12       | SLOW |              |          |          |
| app_wdf_mask_data<1>               | IOB              | OUTPUT    | LVCMOS25             |       | 12       | SLOW |              |          |          |
| app_wdf_mask_data<2>               | IOB              | OUTPUT    | LVCMOS25             |       | 12       | SLOW |              |          |          |
| app_wdf_mask_data<3>               | IOB              | OUTPUT    | LVCMOS25             |       | 12       | SLOW |              |          |          |
| app_wdf_mask_data<4>               | IOB              | OUTPUT    | LVCMOS25             |       | 12       | SLOW |              |          |          |
| app_wdf_mask_data<5>               | IOB              | OUTPUT    | LVCMOS25             |       | 12       | SLOW |              |          |          |
| app_wdf_mask_data<6>               | IOB              | OUTPUT    | LVCMOS25             |       | 12       | SLOW |              |          |          |
| app_wdf_mask_data<7>               | IOB              | OUTPUT    | LVCMOS25             |       | 12       | SLOW |              |          |          |
| app_wdf_mask_data<8>               | IOB              | OUTPUT    | LVCMOS25             |       | 12       | SLOW |              |          |          |
| app_wdf_mask_data<9>               | IOB              | OUTPUT    | LVCMOS25             |       | 12       | SLOW |              |          |          |
| app_wdf_mask_data<10>              | IOB              | OUTPUT    | LVCMOS25             |       | 12       | SLOW |              |          |          |
| app_wdf_mask_data<11>              | IOB              | OUTPUT    | LVCMOS25             |       | 12       | SLOW |              |          |          |
| app_wdf_mask_data<12>              | IOB              | OUTPUT    | LVCMOS25             |       | 12       | SLOW |              |          |          |
| app_wdf_mask_data<13>              | IOB              | OUTPUT    | LVCMOS25             |       | 12       | SLOW |              |          |          |
| app_wdf_mask_data<14>              | IOB              | OUTPUT    | LVCMOS25             |       | 12       | SLOW |              |          |          |
| app_wdf_mask_data<15>              | IOB              | OUTPUT    | LVCMOS25             |       | 12       | SLOW |              |          |          |
| app_wdf_mask_data<16>              | IOB              | OUTPUT    | LVCMOS25             |       | 12       | SLOW |              |          |          |
| app_wdf_mask_data<17>              | IOB              | OUTPUT    | LVCMOS25             |       | 12       | SLOW |              |          |          |
| app_wdf_wren                       | IOB              | OUTPUT    | LVCMOS25             |       | 12       | SLOW |              |          |          |
| clk0                               | IOB              | INPUT     | LVCMOS25             |       |          |      |              |          |          |
| error                              | IOB              | OUTPUT    | LVCMOS25             |       | 12       | SLOW |              |          |          |
| error_cmp                          | IOB              | OUTPUT    | LVCMOS25             |       | 12       | SLOW |              |          |          |
| phy_init_done                      | IOB              | INPUT     | LVCMOS25             |       |          |      |              |          |          |
| rd_data_fifo_out<0>                | IOB              | INPUT     | LVCMOS25             |       |          |      |              |          |          |
| rd_data_fifo_out<1>                | IOB              | INPUT     | LVCMOS25             |       |          |      |              |          |          |
| rd_data_fifo_out<2>                | IOB              | INPUT     | LVCMOS25             |       |          |      |              |          |          |
| rd_data_fifo_out<3>                | IOB              | INPUT     | LVCMOS25             |       |          |      |              |          |          |
| rd_data_fifo_out<4>                | IOB              | INPUT     | LVCMOS25             |       |          |      |              |          |          |
| rd_data_fifo_out<5>                | IOB              | INPUT     | LVCMOS25             |       |          |      |              |          |          |
| rd_data_fifo_out<6>                | IOB              | INPUT     | LVCMOS25             |       |          |      |              |          |          |
| rd_data_fifo_out<7>                | IOB              | INPUT     | LVCMOS25             |       |          |      |              |          |          |
| rd_data_fifo_out<8>                | IOB              | INPUT     | LVCMOS25             |       |          |      |              |          |          |
| rd_data_fifo_out<9>                | IOB              | INPUT     | LVCMOS25             |       |          |      |              |          |          |
| rd_data_fifo_out<10>               | IOB              | INPUT     | LVCMOS25             |       |          |      |              |          |          |
| rd_data_fifo_out<11>               | IOB              | INPUT     | LVCMOS25             |       |          |      |              |          |          |
| rd_data_fifo_out<12>               | IOB              | INPUT     | LVCMOS25             |       |          |      |              |          |          |
| rd_data_fifo_out<13>               | IOB              | INPUT     | LVCMOS25             |       |          |      |              |          |          |
| rd_data_fifo_out<14>               | IOB              | INPUT     | LVCMOS25             |       |          |      |              |          |          |
| rd_data_fifo_out<15>               | IOB              | INPUT     | LVCMOS25             |       |          |      |              |          |          |
| rd_data_fifo_out<16>               | IOB              | INPUT     | LVCMOS25             |       |          |      |              |          |          |
| rd_data_fifo_out<17>               | IOB              | INPUT     | LVCMOS25             |       |          |      |              |          |          |
| rd_data_fifo_out<18>               | IOB              | INPUT     | LVCMOS25             |       |          |      |              |          |          |
| rd_data_fifo_out<19>               | IOB              | INPUT     | LVCMOS25             |       |          |      |              |          |          |
| rd_data_fifo_out<20>               | IOB              | INPUT     | LVCMOS25             |       |          |      |              |          |          |
| rd_data_fifo_out<21>               | IOB              | INPUT     | LVCMOS25             |       |          |      |              |          |          |
| rd_data_fifo_out<22>               | IOB              | INPUT     | LVCMOS25             |       |          |      |              |          |          |
| rd_data_fifo_out<23>               | IOB              | INPUT     | LVCMOS25             |       |          |      |              |          |          |
| rd_data_fifo_out<24>               | IOB              | INPUT     | LVCMOS25             |       |          |      |              |          |          |
| rd_data_fifo_out<25>               | IOB              | INPUT     | LVCMOS25             |       |          |      |              |          |          |
| rd_data_fifo_out<26>               | IOB              | INPUT     | LVCMOS25             |       |          |      |              |          |          |
| rd_data_fifo_out<27>               | IOB              | INPUT     | LVCMOS25             |       |          |      |              |          |          |
| rd_data_fifo_out<28>               | IOB              | INPUT     | LVCMOS25             |       |          |      |              |          |          |
| rd_data_fifo_out<29>               | IOB              | INPUT     | LVCMOS25             |       |          |      |              |          |          |
| rd_data_fifo_out<30>               | IOB              | INPUT     | LVCMOS25             |       |          |      |              |          |          |
| rd_data_fifo_out<31>               | IOB              | INPUT     | LVCMOS25             |       |          |      |              |          |          |
| rd_data_fifo_out<32>               | IOB              | INPUT     | LVCMOS25             |       |          |      |              |          |          |
| rd_data_fifo_out<33>               | IOB              | INPUT     | LVCMOS25             |       |          |      |              |          |          |
| rd_data_fifo_out<34>               | IOB              | INPUT     | LVCMOS25             |       |          |      |              |          |          |
| rd_data_fifo_out<35>               | IOB              | INPUT     | LVCMOS25             |       |          |      |              |          |          |
| rd_data_fifo_out<36>               | IOB              | INPUT     | LVCMOS25             |       |          |      |              |          |          |
| rd_data_fifo_out<37>               | IOB              | INPUT     | LVCMOS25             |       |          |      |              |          |          |
| rd_data_fifo_out<38>               | IOB              | INPUT     | LVCMOS25             |       |          |      |              |          |          |
| rd_data_fifo_out<39>               | IOB              | INPUT     | LVCMOS25             |       |          |      |              |          |          |
| rd_data_fifo_out<40>               | IOB              | INPUT     | LVCMOS25             |       |          |      |              |          |          |
| rd_data_fifo_out<41>               | IOB              | INPUT     | LVCMOS25             |       |          |      |              |          |          |
| rd_data_fifo_out<42>               | IOB              | INPUT     | LVCMOS25             |       |          |      |              |          |          |
| rd_data_fifo_out<43>               | IOB              | INPUT     | LVCMOS25             |       |          |      |              |          |          |
| rd_data_fifo_out<44>               | IOB              | INPUT     | LVCMOS25             |       |          |      |              |          |          |
| rd_data_fifo_out<45>               | IOB              | INPUT     | LVCMOS25             |       |          |      |              |          |          |
| rd_data_fifo_out<46>               | IOB              | INPUT     | LVCMOS25             |       |          |      |              |          |          |
| rd_data_fifo_out<47>               | IOB              | INPUT     | LVCMOS25             |       |          |      |              |          |          |
| rd_data_fifo_out<48>               | IOB              | INPUT     | LVCMOS25             |       |          |      |              |          |          |
| rd_data_fifo_out<49>               | IOB              | INPUT     | LVCMOS25             |       |          |      |              |          |          |
| rd_data_fifo_out<50>               | IOB              | INPUT     | LVCMOS25             |       |          |      |              |          |          |
| rd_data_fifo_out<51>               | IOB              | INPUT     | LVCMOS25             |       |          |      |              |          |          |
| rd_data_fifo_out<52>               | IOB              | INPUT     | LVCMOS25             |       |          |      |              |          |          |
| rd_data_fifo_out<53>               | IOB              | INPUT     | LVCMOS25             |       |          |      |              |          |          |
| rd_data_fifo_out<54>               | IOB              | INPUT     | LVCMOS25             |       |          |      |              |          |          |
| rd_data_fifo_out<55>               | IOB              | INPUT     | LVCMOS25             |       |          |      |              |          |          |
| rd_data_fifo_out<56>               | IOB              | INPUT     | LVCMOS25             |       |          |      |              |          |          |
| rd_data_fifo_out<57>               | IOB              | INPUT     | LVCMOS25             |       |          |      |              |          |          |
| rd_data_fifo_out<58>               | IOB              | INPUT     | LVCMOS25             |       |          |      |              |          |          |
| rd_data_fifo_out<59>               | IOB              | INPUT     | LVCMOS25             |       |          |      |              |          |          |
| rd_data_fifo_out<60>               | IOB              | INPUT     | LVCMOS25             |       |          |      |              |          |          |
| rd_data_fifo_out<61>               | IOB              | INPUT     | LVCMOS25             |       |          |      |              |          |          |
| rd_data_fifo_out<62>               | IOB              | INPUT     | LVCMOS25             |       |          |      |              |          |          |
| rd_data_fifo_out<63>               | IOB              | INPUT     | LVCMOS25             |       |          |      |              |          |          |
| rd_data_fifo_out<64>               | IOB              | INPUT     | LVCMOS25             |       |          |      |              |          |          |
| rd_data_fifo_out<65>               | IOB              | INPUT     | LVCMOS25             |       |          |      |              |          |          |
| rd_data_fifo_out<66>               | IOB              | INPUT     | LVCMOS25             |       |          |      |              |          |          |
| rd_data_fifo_out<67>               | IOB              | INPUT     | LVCMOS25             |       |          |      |              |          |          |
| rd_data_fifo_out<68>               | IOB              | INPUT     | LVCMOS25             |       |          |      |              |          |          |
| rd_data_fifo_out<69>               | IOB              | INPUT     | LVCMOS25             |       |          |      |              |          |          |
| rd_data_fifo_out<70>               | IOB              | INPUT     | LVCMOS25             |       |          |      |              |          |          |
| rd_data_fifo_out<71>               | IOB              | INPUT     | LVCMOS25             |       |          |      |              |          |          |
| rd_data_fifo_out<72>               | IOB              | INPUT     | LVCMOS25             |       |          |      |              |          |          |
| rd_data_fifo_out<73>               | IOB              | INPUT     | LVCMOS25             |       |          |      |              |          |          |
| rd_data_fifo_out<74>               | IOB              | INPUT     | LVCMOS25             |       |          |      |              |          |          |
| rd_data_fifo_out<75>               | IOB              | INPUT     | LVCMOS25             |       |          |      |              |          |          |
| rd_data_fifo_out<76>               | IOB              | INPUT     | LVCMOS25             |       |          |      |              |          |          |
| rd_data_fifo_out<77>               | IOB              | INPUT     | LVCMOS25             |       |          |      |              |          |          |
| rd_data_fifo_out<78>               | IOB              | INPUT     | LVCMOS25             |       |          |      |              |          |          |
| rd_data_fifo_out<79>               | IOB              | INPUT     | LVCMOS25             |       |          |      |              |          |          |
| rd_data_fifo_out<80>               | IOB              | INPUT     | LVCMOS25             |       |          |      |              |          |          |
| rd_data_fifo_out<81>               | IOB              | INPUT     | LVCMOS25             |       |          |      |              |          |          |
| rd_data_fifo_out<82>               | IOB              | INPUT     | LVCMOS25             |       |          |      |              |          |          |
| rd_data_fifo_out<83>               | IOB              | INPUT     | LVCMOS25             |       |          |      |              |          |          |
| rd_data_fifo_out<84>               | IOB              | INPUT     | LVCMOS25             |       |          |      |              |          |          |
| rd_data_fifo_out<85>               | IOB              | INPUT     | LVCMOS25             |       |          |      |              |          |          |
| rd_data_fifo_out<86>               | IOB              | INPUT     | LVCMOS25             |       |          |      |              |          |          |
| rd_data_fifo_out<87>               | IOB              | INPUT     | LVCMOS25             |       |          |      |              |          |          |
| rd_data_fifo_out<88>               | IOB              | INPUT     | LVCMOS25             |       |          |      |              |          |          |
| rd_data_fifo_out<89>               | IOB              | INPUT     | LVCMOS25             |       |          |      |              |          |          |
| rd_data_fifo_out<90>               | IOB              | INPUT     | LVCMOS25             |       |          |      |              |          |          |
| rd_data_fifo_out<91>               | IOB              | INPUT     | LVCMOS25             |       |          |      |              |          |          |
| rd_data_fifo_out<92>               | IOB              | INPUT     | LVCMOS25             |       |          |      |              |          |          |
| rd_data_fifo_out<93>               | IOB              | INPUT     | LVCMOS25             |       |          |      |              |          |          |
| rd_data_fifo_out<94>               | IOB              | INPUT     | LVCMOS25             |       |          |      |              |          |          |
| rd_data_fifo_out<95>               | IOB              | INPUT     | LVCMOS25             |       |          |      |              |          |          |
| rd_data_fifo_out<96>               | IOB              | INPUT     | LVCMOS25             |       |          |      |              |          |          |
| rd_data_fifo_out<97>               | IOB              | INPUT     | LVCMOS25             |       |          |      |              |          |          |
| rd_data_fifo_out<98>               | IOB              | INPUT     | LVCMOS25             |       |          |      |              |          |          |
| rd_data_fifo_out<99>               | IOB              | INPUT     | LVCMOS25             |       |          |      |              |          |          |
| rd_data_fifo_out<100>              | IOB              | INPUT     | LVCMOS25             |       |          |      |              |          |          |
| rd_data_fifo_out<101>              | IOB              | INPUT     | LVCMOS25             |       |          |      |              |          |          |
| rd_data_fifo_out<102>              | IOB              | INPUT     | LVCMOS25             |       |          |      |              |          |          |
| rd_data_fifo_out<103>              | IOB              | INPUT     | LVCMOS25             |       |          |      |              |          |          |
| rd_data_fifo_out<104>              | IOB              | INPUT     | LVCMOS25             |       |          |      |              |          |          |
| rd_data_fifo_out<105>              | IOB              | INPUT     | LVCMOS25             |       |          |      |              |          |          |
| rd_data_fifo_out<106>              | IOB              | INPUT     | LVCMOS25             |       |          |      |              |          |          |
| rd_data_fifo_out<107>              | IOB              | INPUT     | LVCMOS25             |       |          |      |              |          |          |
| rd_data_fifo_out<108>              | IOB              | INPUT     | LVCMOS25             |       |          |      |              |          |          |
| rd_data_fifo_out<109>              | IOB              | INPUT     | LVCMOS25             |       |          |      |              |          |          |
| rd_data_fifo_out<110>              | IOB              | INPUT     | LVCMOS25             |       |          |      |              |          |          |
| rd_data_fifo_out<111>              | IOB              | INPUT     | LVCMOS25             |       |          |      |              |          |          |
| rd_data_fifo_out<112>              | IOB              | INPUT     | LVCMOS25             |       |          |      |              |          |          |
| rd_data_fifo_out<113>              | IOB              | INPUT     | LVCMOS25             |       |          |      |              |          |          |
| rd_data_fifo_out<114>              | IOB              | INPUT     | LVCMOS25             |       |          |      |              |          |          |
| rd_data_fifo_out<115>              | IOB              | INPUT     | LVCMOS25             |       |          |      |              |          |          |
| rd_data_fifo_out<116>              | IOB              | INPUT     | LVCMOS25             |       |          |      |              |          |          |
| rd_data_fifo_out<117>              | IOB              | INPUT     | LVCMOS25             |       |          |      |              |          |          |
| rd_data_fifo_out<118>              | IOB              | INPUT     | LVCMOS25             |       |          |      |              |          |          |
| rd_data_fifo_out<119>              | IOB              | INPUT     | LVCMOS25             |       |          |      |              |          |          |
| rd_data_fifo_out<120>              | IOB              | INPUT     | LVCMOS25             |       |          |      |              |          |          |
| rd_data_fifo_out<121>              | IOB              | INPUT     | LVCMOS25             |       |          |      |              |          |          |
| rd_data_fifo_out<122>              | IOB              | INPUT     | LVCMOS25             |       |          |      |              |          |          |
| rd_data_fifo_out<123>              | IOB              | INPUT     | LVCMOS25             |       |          |      |              |          |          |
| rd_data_fifo_out<124>              | IOB              | INPUT     | LVCMOS25             |       |          |      |              |          |          |
| rd_data_fifo_out<125>              | IOB              | INPUT     | LVCMOS25             |       |          |      |              |          |          |
| rd_data_fifo_out<126>              | IOB              | INPUT     | LVCMOS25             |       |          |      |              |          |          |
| rd_data_fifo_out<127>              | IOB              | INPUT     | LVCMOS25             |       |          |      |              |          |          |
| rd_data_fifo_out<128>              | IOB              | INPUT     | LVCMOS25             |       |          |      |              |          |          |
| rd_data_fifo_out<129>              | IOB              | INPUT     | LVCMOS25             |       |          |      |              |          |          |
| rd_data_fifo_out<130>              | IOB              | INPUT     | LVCMOS25             |       |          |      |              |          |          |
| rd_data_fifo_out<131>              | IOB              | INPUT     | LVCMOS25             |       |          |      |              |          |          |
| rd_data_fifo_out<132>              | IOB              | INPUT     | LVCMOS25             |       |          |      |              |          |          |
| rd_data_fifo_out<133>              | IOB              | INPUT     | LVCMOS25             |       |          |      |              |          |          |
| rd_data_fifo_out<134>              | IOB              | INPUT     | LVCMOS25             |       |          |      |              |          |          |
| rd_data_fifo_out<135>              | IOB              | INPUT     | LVCMOS25             |       |          |      |              |          |          |
| rd_data_fifo_out<136>              | IOB              | INPUT     | LVCMOS25             |       |          |      |              |          |          |
| rd_data_fifo_out<137>              | IOB              | INPUT     | LVCMOS25             |       |          |      |              |          |          |
| rd_data_fifo_out<138>              | IOB              | INPUT     | LVCMOS25             |       |          |      |              |          |          |
| rd_data_fifo_out<139>              | IOB              | INPUT     | LVCMOS25             |       |          |      |              |          |          |
| rd_data_fifo_out<140>              | IOB              | INPUT     | LVCMOS25             |       |          |      |              |          |          |
| rd_data_fifo_out<141>              | IOB              | INPUT     | LVCMOS25             |       |          |      |              |          |          |
| rd_data_fifo_out<142>              | IOB              | INPUT     | LVCMOS25             |       |          |      |              |          |          |
| rd_data_fifo_out<143>              | IOB              | INPUT     | LVCMOS25             |       |          |      |              |          |          |
| rd_data_valid                      | IOB              | INPUT     | LVCMOS25             |       |          |      |              |          |          |
| rst0                               | IOB              | INPUT     | LVCMOS25             |       |          |      |              |          |          |
+---------------------------------------------------------------------------------------------------------------------------------------------------------+

Section 7 - RPMs
----------------

Section 8 - Guide Report
------------------------
Guide not run on this design.

Section 9 - Area Group and Partition Summary
--------------------------------------------

Partition Implementation Status
-------------------------------

  No Partitions were found in this design.

-------------------------------

Area Group Information
----------------------

  No area groups were found in this design.

----------------------

Section 10 - Timing Report
--------------------------
A logic-level (pre-route) timing report can be generated by using Xilinx static
timing analysis tools, Timing Analyzer (GUI) or TRCE (command line), with the
mapped NCD and PCF files. Please note that this timing report will be generated
using estimated delay information. For accurate numbers, please generate a
timing report with the post Place and Route NCD file.

For more information about the Timing Analyzer, consult the Xilinx Timing
Analyzer Reference Manual; for more information about TRCE, consult the Xilinx
Command Line Tools User Guide "TRACE" chapter.

Section 11 - Configuration String Details
-----------------------------------------
Use the "-detail" map option to print out Configuration Strings

Section 12 - Control Set Information
------------------------------------
Use the "-detail" map option to print out Control Set Information.

Section 13 - Utilization by Hierarchy
-------------------------------------
Use the "-detail" map option to print out the Utilization by Hierarchy section.
